0 info it worked if it ends with ok
1 verbose cli [ 'node', '/usr/local/bin/npm', 'publish', './' ]
2 info using npm@2.6.0
3 info using node@v0.10.30
4 verbose publish [ './' ]
5 silly cache add args [ './', null ]
6 verbose cache add spec ./
7 silly cache add parsed spec { raw: './',
7 silly cache add   scope: null,
7 silly cache add   name: null,
7 silly cache add   rawSpec: './',
7 silly cache add   spec: '/home/peter/projects/spincycle/example',
7 silly cache add   type: 'local' }
8 error addLocal Could not install /home/peter/projects/spincycle/example
9 verbose stack Error: EISDIR, read
10 verbose cwd /home/peter/projects/spincycle/example
11 error Linux 3.13.0-24-generic
12 error argv "node" "/usr/local/bin/npm" "publish" "./"
13 error node v0.10.30
14 error npm  v2.6.0
15 error code EISDIR
16 error errno 28
17 error EISDIR, read
18 error If you need help, you may report this error at:
18 error     <http://github.com/npm/npm/issues>
19 verbose exit [ 28, true ]
